{"numFailedTestSuites":0,"numFailedTests":0,"numPassedTestSuites":2,"numPassedTests":11,"numPendingTestSuites":0,"numPendingTests":0,"numRuntimeErrorTestSuites":0,"numTodoTests":0,"numTotalTestSuites":2,"numTotalTests":11,"openHandles":[],"snapshot":{"added":0,"didUpdate":false,"failure":false,"filesAdded":0,"filesRemoved":0,"filesRemovedList":[],"filesUnmatched":0,"filesUpdated":0,"matched":0,"total":0,"unchecked":0,"uncheckedKeysByFile":[],"unmatched":0,"updated":0},"startTime":1772613546636,"success":true,"testResults":[{"assertionResults":[{"ancestorTitles":["EmergencyServices (app/(tabs)/extra)"],"duration":3588,"failureDetails":[],"failureMessages":[],"fullName":"EmergencyServices (app/(tabs)/extra) renders headings and service sections","invocations":1,"location":{"column":3,"line":61},"numPassingAsserts":9,"retryReasons":[],"status":"passed","title":"renders headings and service sections"},{"ancestorTitles":["EmergencyServices (app/(tabs)/extra)"],"duration":76,"failureDetails":[],"failureMessages":[],"fullName":"EmergencyServices (app/(tabs)/extra) shows correct number of Call/Map actions","invocations":1,"location":{"column":3,"line":78},"numPassingAsserts":2,"retryReasons":[],"status":"passed","title":"shows correct number of Call/Map actions"},{"ancestorTitles":["EmergencyServices (app/(tabs)/extra)"],"duration":84,"failureDetails":[],"failureMessages":[],"fullName":"EmergencyServices (app/(tabs)/extra) pressing a hotline Call button initiates a phone intent","invocations":1,"location":{"column":3,"line":88},"numPassingAsserts":3,"retryReasons":[],"status":"passed","title":"pressing a hotline Call button initiates a phone intent"},{"ancestorTitles":["EmergencyServices (app/(tabs)/extra)"],"duration":47,"failureDetails":[],"failureMessages":[],"fullName":"EmergencyServices (app/(tabs)/extra) hotline '119' dials 119","invocations":1,"location":{"column":5,"line":106},"numPassingAsserts":1,"retryReasons":[],"status":"passed","title":"hotline '119' dials 119"},{"ancestorTitles":["EmergencyServices (app/(tabs)/extra)"],"duration":92,"failureDetails":[],"failureMessages":[],"fullName":"EmergencyServices (app/(tabs)/extra) hotline 'Ambulance service' dials 1990","invocations":1,"location":{"column":5,"line":106},"numPassingAsserts":1,"retryReasons":[],"status":"passed","title":"hotline 'Ambulance service' dials 1990"},{"ancestorTitles":["EmergencyServices (app/(tabs)/extra)"],"duration":95,"failureDetails":[],"failureMessages":[],"fullName":"EmergencyServices (app/(tabs)/extra) hotline 'Fire & Rescue' dials 110","invocations":1,"location":{"column":5,"line":106},"numPassingAsserts":1,"retryReasons":[],"status":"passed","title":"hotline 'Fire & Rescue' dials 110"},{"ancestorTitles":["EmergencyServices (app/(tabs)/extra)"],"duration":85,"failureDetails":[],"failureMessages":[],"fullName":"EmergencyServices (app/(tabs)/extra) hotline 'Women & Child Bureau' dials 1938","invocations":1,"location":{"column":5,"line":106},"numPassingAsserts":1,"retryReasons":[],"status":"passed","title":"hotline 'Women & Child Bureau' dials 1938"},{"ancestorTitles":["EmergencyServices (app/(tabs)/extra)"],"duration":638,"failureDetails":[],"failureMessages":[],"fullName":"EmergencyServices (app/(tabs)/extra) pressing Hospital Map navigates to in-app map with placeId","invocations":1,"location":{"column":3,"line":118},"numPassingAsserts":2,"retryReasons":[],"status":"passed","title":"pressing Hospital Map navigates to in-app map with placeId"},{"ancestorTitles":["EmergencyServices (app/(tabs)/extra)"],"duration":432,"failureDetails":[],"failureMessages":[],"fullName":"EmergencyServices (app/(tabs)/extra) pressing Police Station Map navigates to in-app map with placeId","invocations":1,"location":{"column":3,"line":143},"numPassingAsserts":2,"retryReasons":[],"status":"passed","title":"pressing Police Station Map navigates to in-app map with placeId"},{"ancestorTitles":["EmergencyServices (app/(tabs)/extra)"],"duration":44,"failureDetails":[],"failureMessages":[],"fullName":"EmergencyServices (app/(tabs)/extra) pressing Back returns to previous screen","invocations":1,"location":{"column":3,"line":168},"numPassingAsserts":1,"retryReasons":[],"status":"passed","title":"pressing Back returns to previous screen"}],"endTime":1772613555155,"message":"","name":"C:\\Users\\User\\Desktop\\Safety-on-Speed\\app\\(tabs)\\extra.test.tsx","startTime":1772613547067,"status":"passed","summary":""},{"assertionResults":[{"ancestorTitles":["getNearbyPlaces()"],"duration":77,"failureDetails":[],"failureMessages":[],"fullName":"getNearbyPlaces() returns the closest hospital place_id from candidates (distance logic)","invocations":1,"location":{"column":3,"line":17},"numPassingAsserts":4,"retryReasons":[],"status":"passed","title":"returns the closest hospital place_id from candidates (distance logic)"}],"endTime":1772613555586,"message":"","name":"C:\\Users\\User\\Desktop\\Safety-on-Speed\\services\\GooglePlacesService.test.ts","startTime":1772613555198,"status":"passed","summary":""}],"wasInterrupted":false}
